d:\vs\sgx-ra-sample-master2\sgx-ra-sample-master\vs\mrsigner\x64\debug\vc142.pdb
d:\vs\sgx-ra-sample-master2\sgx-ra-sample-master\vs\mrsigner\x64\debug\vc142.idb
d:\vs\sgx-ra-sample-master2\sgx-ra-sample-master\vs\mrsigner\x64\debug\getopt.obj
d:\vs\sgx-ra-sample-master2\sgx-ra-sample-master\vs\mrsigner\x64\debug\mrsigner.obj
d:\vs\sgx-ra-sample-master2\sgx-ra-sample-master\vs\mrsigner\x64\debug\hexutil.obj
d:\vs\sgx-ra-sample-master2\sgx-ra-sample-master\vs\mrsigner\x64\debug\crypto.obj
d:\vs\sgx-ra-sample-master2\sgx-ra-sample-master — копия\vs\mrsigner\x64\debug\vc142.pdb
d:\vs\sgx-ra-sample-master2\sgx-ra-sample-master — копия\vs\mrsigner\x64\debug\vc142.idb
d:\vs\sgx-ra-sample-master2\sgx-ra-sample-master — копия\vs\mrsigner\x64\debug\getopt.obj
d:\vs\sgx-ra-sample-master2\sgx-ra-sample-master — копия\vs\mrsigner\x64\debug\mrsigner.obj
d:\vs\sgx-ra-sample-master2\sgx-ra-sample-master — копия\vs\mrsigner\x64\debug\hexutil.obj
d:\vs\sgx-ra-sample-master2\sgx-ra-sample-master — копия\vs\mrsigner\x64\debug\crypto.obj
d:\vs\sgx-ra-sample-master2\sgx-ra-sample-master\vs\x64\debug\mrsigner.ilk
d:\vs\sgx-ra-sample-master2\sgx-ra-sample-master\vs\x64\debug\mrsigner.exe
d:\vs\sgx-ra-sample-master2\sgx-ra-sample-master\vs\x64\debug\mrsigner.pdb
d:\vs\sgx-ra-sample-master2\sgx-ra-sample-master — копия\vs\x64\debug\mrsigner.exe
d:\vs\sgx-ra-sample-master2\sgx-ra-sample-master — копия\vs\x64\debug\mrsigner.ilk
d:\vs\sgx-ra-sample-master2\sgx-ra-sample-master — копия\vs\x64\debug\mrsigner.pdb
d:\vs\sgx-ra-sample-master2\sgx-ra-sample-master\vs\x64\debug\mrsigner.lib
d:\vs\sgx-ra-sample-master2\sgx-ra-sample-master\vs\x64\debug\mrsigner.exp
d:\vs\sgx-ra-sample-master2\sgx-ra-sample-master — копия\vs\x64\debug\mrsigner.lib
d:\vs\sgx-ra-sample-master2\sgx-ra-sample-master — копия\vs\x64\debug\mrsigner.exp
d:\vs\sgx-ra-sample-master2\sgx-ra-sample-master — копия\vs\mrsigner\x64\debug\mrsigner.tlog\cl.command.1.tlog
d:\vs\sgx-ra-sample-master2\sgx-ra-sample-master — копия\vs\mrsigner\x64\debug\mrsigner.tlog\cl.read.1.tlog
d:\vs\sgx-ra-sample-master2\sgx-ra-sample-master — копия\vs\mrsigner\x64\debug\mrsigner.tlog\cl.write.1.tlog
d:\vs\sgx-ra-sample-master2\sgx-ra-sample-master — копия\vs\mrsigner\x64\debug\mrsigner.tlog\link.command.1.tlog
d:\vs\sgx-ra-sample-master2\sgx-ra-sample-master — копия\vs\mrsigner\x64\debug\mrsigner.tlog\link.read.1.tlog
d:\vs\sgx-ra-sample-master2\sgx-ra-sample-master — копия\vs\mrsigner\x64\debug\mrsigner.tlog\link.write.1.tlog
d:\vs\sgx-ra-sample-master2\sgx-ra-sample-master — копия\vs\mrsigner\x64\debug\mrsigner.tlog\mrsigner.write.1u.tlog
