d:\vs\sgx-ra-sample-master2\sgx-ra-sample-master\vs\client\x64\debug\vc142.pdb
d:\vs\sgx-ra-sample-master2\sgx-ra-sample-master\vs\client\x64\debug\vc142.idb
d:\vs\sgx-ra-sample-master2\sgx-ra-sample-master\vs\client\x64\debug\sgx_detect_win.obj
d:\vs\sgx-ra-sample-master2\sgx-ra-sample-master\vs\client\x64\debug\msgio.obj
d:\vs\sgx-ra-sample-master2\sgx-ra-sample-master\vs\client\x64\debug\common.obj
d:\vs\sgx-ra-sample-master2\sgx-ra-sample-master\vs\client\x64\debug\client.obj
d:\vs\sgx-ra-sample-master2\sgx-ra-sample-master\vs\client\x64\debug\enclave_u.obj
d:\vs\sgx-ra-sample-master2\sgx-ra-sample-master\vs\client\x64\debug\getopt.obj
d:\vs\sgx-ra-sample-master2\sgx-ra-sample-master\vs\client\x64\debug\quote_size.obj
d:\vs\sgx-ra-sample-master2\sgx-ra-sample-master\vs\client\x64\debug\logfile.obj
d:\vs\sgx-ra-sample-master2\sgx-ra-sample-master\vs\client\x64\debug\hexutil.obj
d:\vs\sgx-ra-sample-master2\sgx-ra-sample-master\vs\client\x64\debug\fileio.obj
d:\vs\sgx-ra-sample-master2\sgx-ra-sample-master\vs\client\x64\debug\crypto.obj
d:\vs\sgx-ra-sample-master2\sgx-ra-sample-master — копия\vs\client\x64\debug\vc142.pdb
d:\vs\sgx-ra-sample-master2\sgx-ra-sample-master — копия\vs\client\x64\debug\vc142.idb
d:\vs\sgx-ra-sample-master2\sgx-ra-sample-master — копия\vs\client\x64\debug\client.obj
d:\vs\sgx-ra-sample-master2\sgx-ra-sample-master — копия\vs\client\x64\debug\sgx_detect_win.obj
d:\vs\sgx-ra-sample-master2\sgx-ra-sample-master — копия\vs\client\x64\debug\msgio.obj
d:\vs\sgx-ra-sample-master2\sgx-ra-sample-master — копия\vs\client\x64\debug\common.obj
d:\vs\sgx-ra-sample-master2\sgx-ra-sample-master — копия\vs\client\x64\debug\enclave_u.obj
d:\vs\sgx-ra-sample-master2\sgx-ra-sample-master — копия\vs\client\x64\debug\getopt.obj
d:\vs\sgx-ra-sample-master2\sgx-ra-sample-master — копия\vs\client\x64\debug\quote_size.obj
d:\vs\sgx-ra-sample-master2\sgx-ra-sample-master — копия\vs\client\x64\debug\logfile.obj
d:\vs\sgx-ra-sample-master2\sgx-ra-sample-master — копия\vs\client\x64\debug\hexutil.obj
d:\vs\sgx-ra-sample-master2\sgx-ra-sample-master — копия\vs\client\x64\debug\fileio.obj
d:\vs\sgx-ra-sample-master2\sgx-ra-sample-master — копия\vs\client\x64\debug\crypto.obj
d:\vs\sgx-ra-sample-master2\sgx-ra-sample-master — копия\vs\client\enclave_u.h
d:\vs\sgx-ra-sample-master2\sgx-ra-sample-master — копия\vs\client\enclave_u.c
d:\vs\sgx-ra-sample-master2\sgx-ra-sample-master\vs\x64\debug\client.exe
d:\vs\sgx-ra-sample-master2\sgx-ra-sample-master\vs\x64\debug\client.ilk
d:\vs\sgx-ra-sample-master2\sgx-ra-sample-master\vs\x64\debug\client.pdb
d:\vs\sgx-ra-sample-master2\sgx-ra-sample-master — копия\vs\x64\debug\client.ilk
d:\vs\sgx-ra-sample-master2\sgx-ra-sample-master — копия\vs\x64\debug\client.dll
d:\vs\sgx-ra-sample-master2\sgx-ra-sample-master — копия\vs\x64\debug\client.pdb
d:\vs\sgx-ra-sample-master2\sgx-ra-sample-master — копия\vs\client\x64\debug\client.tlog\cl.command.1.tlog
d:\vs\sgx-ra-sample-master2\sgx-ra-sample-master — копия\vs\client\x64\debug\client.tlog\cl.read.1.tlog
d:\vs\sgx-ra-sample-master2\sgx-ra-sample-master — копия\vs\client\x64\debug\client.tlog\cl.write.1.tlog
d:\vs\sgx-ra-sample-master2\sgx-ra-sample-master — копия\vs\client\x64\debug\client.tlog\custombuild.command.1.tlog
d:\vs\sgx-ra-sample-master2\sgx-ra-sample-master — копия\vs\client\x64\debug\client.tlog\custombuild.read.1.tlog
d:\vs\sgx-ra-sample-master2\sgx-ra-sample-master — копия\vs\client\x64\debug\client.tlog\custombuild.write.1.tlog
d:\vs\sgx-ra-sample-master2\sgx-ra-sample-master — копия\vs\client\x64\debug\client.tlog\link.command.1.tlog
d:\vs\sgx-ra-sample-master2\sgx-ra-sample-master — копия\vs\client\x64\debug\client.tlog\link.read.1.tlog
d:\vs\sgx-ra-sample-master2\sgx-ra-sample-master — копия\vs\client\x64\debug\client.tlog\link.write.1.tlog
