  Creating proxy/bridge routines
  Enclave.cpp
  Enclave_t.c
     Creating library D:\VS\sgx-ra-sample-master2\sgx-ra-sample-master — копия\vs\x64\Debug\Enclave.lib and object D:\VS\sgx-ra-sample-master2\sgx-ra-sample-master — копия\vs\x64\Debug\Enclave.exp
  Enclave.vcxproj -> D:\VS\sgx-ra-sample-master2\sgx-ra-sample-master — копия\vs\x64\Debug\Enclave.dll
  sign the enclave
  The required memory is 0x1f8000.
  <EnclaveConfiguration>
      <ProdID>1</ProdID>
      <ISVSVN>1</ISVSVN>
      <StackMaxSize>0x40000</StackMaxSize>
      <HeapMaxSize>0x100000</HeapMaxSize>
      <TCSNum>1</TCSNum>
      <TCSPolicy>1</TCSPolicy>
      <!-- Recommend changing 'DisableDebug' to 1 to make the enclave undebuggable for enclave release -->
      <DisableDebug>0</DisableDebug>
      <MiscSelect>0</MiscSelect>
      <MiscMask>0xFFFFFFFF</MiscMask>
  </EnclaveConfiguration>
  Succeed.
