d:\vs\sgx-ra-sample-master2\sgx-ra-sample-master\vs\service-provider\x64\debug\vc142.pdb
d:\vs\sgx-ra-sample-master2\sgx-ra-sample-master\vs\service-provider\x64\debug\vc142.idb
d:\vs\sgx-ra-sample-master2\sgx-ra-sample-master\vs\service-provider\x64\debug\getopt.obj
d:\vs\sgx-ra-sample-master2\sgx-ra-sample-master\vs\service-provider\x64\debug\logfile.obj
d:\vs\sgx-ra-sample-master2\sgx-ra-sample-master\vs\service-provider\x64\debug\hexutil.obj
d:\vs\sgx-ra-sample-master2\sgx-ra-sample-master\vs\service-provider\x64\debug\fileio.obj
d:\vs\sgx-ra-sample-master2\sgx-ra-sample-master\vs\service-provider\x64\debug\crypto.obj
d:\vs\sgx-ra-sample-master2\sgx-ra-sample-master\vs\service-provider\x64\debug\byteorder.obj
d:\vs\sgx-ra-sample-master2\sgx-ra-sample-master\vs\service-provider\x64\debug\base64.obj
d:\vs\sgx-ra-sample-master2\sgx-ra-sample-master\vs\service-provider\x64\debug\agent_winhttp.obj
d:\vs\sgx-ra-sample-master2\sgx-ra-sample-master\vs\service-provider\x64\debug\sp.obj
d:\vs\sgx-ra-sample-master2\sgx-ra-sample-master\vs\service-provider\x64\debug\msgio.obj
d:\vs\sgx-ra-sample-master2\sgx-ra-sample-master\vs\service-provider\x64\debug\iasrequest.obj
d:\vs\sgx-ra-sample-master2\sgx-ra-sample-master\vs\service-provider\x64\debug\common.obj
d:\vs\sgx-ra-sample-master2\sgx-ra-sample-master — копия\vs\service-provider\x64\debug\vc142.pdb
d:\vs\sgx-ra-sample-master2\sgx-ra-sample-master — копия\vs\service-provider\x64\debug\vc142.idb
d:\vs\sgx-ra-sample-master2\sgx-ra-sample-master — копия\vs\service-provider\x64\debug\getopt.obj
d:\vs\sgx-ra-sample-master2\sgx-ra-sample-master — копия\vs\service-provider\x64\debug\logfile.obj
d:\vs\sgx-ra-sample-master2\sgx-ra-sample-master — копия\vs\service-provider\x64\debug\hexutil.obj
d:\vs\sgx-ra-sample-master2\sgx-ra-sample-master — копия\vs\service-provider\x64\debug\fileio.obj
d:\vs\sgx-ra-sample-master2\sgx-ra-sample-master — копия\vs\service-provider\x64\debug\crypto.obj
d:\vs\sgx-ra-sample-master2\sgx-ra-sample-master — копия\vs\service-provider\x64\debug\byteorder.obj
d:\vs\sgx-ra-sample-master2\sgx-ra-sample-master — копия\vs\service-provider\x64\debug\base64.obj
d:\vs\sgx-ra-sample-master2\sgx-ra-sample-master — копия\vs\service-provider\x64\debug\agent_winhttp.obj
d:\vs\sgx-ra-sample-master2\sgx-ra-sample-master — копия\vs\service-provider\x64\debug\msgio.obj
d:\vs\sgx-ra-sample-master2\sgx-ra-sample-master — копия\vs\service-provider\x64\debug\iasrequest.obj
d:\vs\sgx-ra-sample-master2\sgx-ra-sample-master — копия\vs\service-provider\x64\debug\common.obj
d:\vs\sgx-ra-sample-master2\sgx-ra-sample-master — копия\vs\service-provider\x64\debug\sp.obj
d:\vs\sgx-ra-sample-master2\sgx-ra-sample-master\vs\x64\debug\sp.exe
d:\vs\sgx-ra-sample-master2\sgx-ra-sample-master\vs\x64\debug\sp.ilk
d:\vs\sgx-ra-sample-master2\sgx-ra-sample-master\vs\x64\debug\sp.pdb
d:\vs\sgx-ra-sample-master2\sgx-ra-sample-master — копия\vs\x64\debug\sp.exe
d:\vs\sgx-ra-sample-master2\sgx-ra-sample-master — копия\vs\x64\debug\sp.ilk
d:\vs\sgx-ra-sample-master2\sgx-ra-sample-master — копия\vs\x64\debug\sp.pdb
d:\vs\sgx-ra-sample-master2\sgx-ra-sample-master\vs\x64\debug\sp.lib
d:\vs\sgx-ra-sample-master2\sgx-ra-sample-master\vs\x64\debug\sp.exp
d:\vs\sgx-ra-sample-master2\sgx-ra-sample-master — копия\vs\x64\debug\sp.lib
d:\vs\sgx-ra-sample-master2\sgx-ra-sample-master — копия\vs\x64\debug\sp.exp
d:\vs\sgx-ra-sample-master2\sgx-ra-sample-master — копия\vs\service-provider\x64\debug\sp.tlog\cl.command.1.tlog
d:\vs\sgx-ra-sample-master2\sgx-ra-sample-master — копия\vs\service-provider\x64\debug\sp.tlog\cl.read.1.tlog
d:\vs\sgx-ra-sample-master2\sgx-ra-sample-master — копия\vs\service-provider\x64\debug\sp.tlog\cl.write.1.tlog
d:\vs\sgx-ra-sample-master2\sgx-ra-sample-master — копия\vs\service-provider\x64\debug\sp.tlog\link.command.1.tlog
d:\vs\sgx-ra-sample-master2\sgx-ra-sample-master — копия\vs\service-provider\x64\debug\sp.tlog\link.read.1.tlog
d:\vs\sgx-ra-sample-master2\sgx-ra-sample-master — копия\vs\service-provider\x64\debug\sp.tlog\link.write.1.tlog
d:\vs\sgx-ra-sample-master2\sgx-ra-sample-master — копия\vs\service-provider\x64\debug\sp.tlog\sp.write.1u.tlog
